Using pre-set license
Built from '2020.3/staging' branch; Version is '2020.3.26f1 (7298b473bc1a) revision 7510196'; Using compiler version '192528614'; Build Type 'Release'
OS: 'Windows 11  (10.0.22000) 64bit Core' Language: 'en' Physical Memory: 16225 MB
BatchMode: 1, IsHumanControllingUs: 0, StartBugReporterOnCrash: 0, Is64bit: 1, IsPro: 0

COMMAND LINE ARGUMENTS:
C:\Program Files\Unity\Hub\Editor\2020.3.26f1\Editor\Unity.exe
-adb2
-batchMode
-noUpm
-name
AssetImportWorker0
-projectPath
D:/Downloads/School Misc/Spring2022/GDD 211/Projects/The-Deteggtive
-logFile
Logs/AssetImportWorker0.log
-srvPort
62057
Successfully changed project path to: D:/Downloads/School Misc/Spring2022/GDD 211/Projects/The-Deteggtive
D:/Downloads/School Misc/Spring2022/GDD 211/Projects/The-Deteggtive
Using Asset Import Pipeline V2.
Refreshing native plugins compatible for Editor in 28.22 ms, found 2 plugins.
Preloading 0 native plugins for Editor in 0.00 ms.
Initialize engine version: 2020.3.26f1 (7298b473bc1a)
[Subsystems] Discovering subsystems at path C:/Program Files/Unity/Hub/Editor/2020.3.26f1/Editor/Data/Resources/UnitySubsystems
[Subsystems] Discovering subsystems at path D:/Downloads/School Misc/Spring2022/GDD 211/Projects/The-Deteggtive/Assets
GfxDevice: creating device client; threaded=0
Direct3D:
    Version:  Direct3D 11.0 [level 11.1]
    Renderer: NVIDIA GeForce GTX 1660 Ti (ID=0x2191)
    Vendor:   
    VRAM:     5991 MB
    Driver:   25.21.14.1777
Initialize mono
Mono path[0] = 'C:/Program Files/Unity/Hub/Editor/2020.3.26f1/Editor/Data/Managed'
Mono path[1] = 'C:/Program Files/Unity/Hub/Editor/2020.3.26f1/Editor/Data/MonoBleedingEdge/lib/mono/unityjit'
Mono config path = 'C:/Program Files/Unity/Hub/Editor/2020.3.26f1/Editor/Data/MonoBleedingEdge/etc'
Using monoOptions --debugger-agent=transport=dt_socket,embedding=1,server=y,suspend=n,address=127.0.0.1:56512
Begin MonoManager ReloadAssembly
Registering precompiled unity dll's ...
Register platform support module: C:/Program Files/Unity/Hub/Editor/2020.3.26f1/Editor/Data/PlaybackEngines/WebGLSupport/UnityEditor.WebGL.Extensions.dll
Register platform support module: C:/Program Files/Unity/Hub/Editor/2020.3.26f1/Editor/Data/PlaybackEngines/WindowsStandaloneSupport/UnityEditor.WindowsStandalone.Extensions.dll
Registered in 0.003348 seconds.
Native extension for WindowsStandalone target not found
Native extension for WebGL target not found
Refreshing native plugins compatible for Editor in 27.79 ms, found 2 plugins.
Preloading 0 native plugins for Editor in 0.00 ms.
Mono: successfully reloaded assembly
- Completed reload, in  0.643 seconds
Domain Reload Profiling:
	ReloadAssembly (643ms)
		BeginReloadAssembly (49ms)
			ExecutionOrderSort (0ms)
			DisableScriptedObjects (0ms)
			BackupInstance (0ms)
			ReleaseScriptingObjects (0ms)
			CreateAndSetChildDomain (1ms)
		EndReloadAssembly (516ms)
			LoadAssemblies (46ms)
			RebuildTransferFunctionScriptingTraits (0ms)
			SetupTypeCache (193ms)
			ReleaseScriptCaches (0ms)
			RebuildScriptCaches (31ms)
			SetupLoadedEditorAssemblies (154ms)
				LogAssemblyErrors (0ms)
				InitializePlatformSupportModulesInManaged (5ms)
				SetLoadedEditorAssemblies (0ms)
				RefreshPlugins (28ms)
				BeforeProcessingInitializeOnLoad (14ms)
				ProcessInitializeOnLoadAttributes (79ms)
				ProcessInitializeOnLoadMethodAttributes (29ms)
				AfterProcessingInitializeOnLoad (0ms)
				EditorAssembliesLoaded (0ms)
			ExecutionOrderSort2 (0ms)
			AwakeInstancesAfterBackupRestoration (0ms)
Platform modules already initialized, skipping
Registering precompiled user dll's ...
Registered in 0.002424 seconds.
Begin MonoManager ReloadAssembly
Native extension for WindowsStandalone target not found
Native extension for WebGL target not found
Refreshing native plugins compatible for Editor in 0.34 ms, found 2 plugins.
Preloading 0 native plugins for Editor in 0.00 ms.
Mono: successfully reloaded assembly
- Completed reload, in  0.980 seconds
Domain Reload Profiling:
	ReloadAssembly (981ms)
		BeginReloadAssembly (131ms)
			ExecutionOrderSort (0ms)
			DisableScriptedObjects (4ms)
			BackupInstance (0ms)
			ReleaseScriptingObjects (0ms)
			CreateAndSetChildDomain (17ms)
		EndReloadAssembly (791ms)
			LoadAssemblies (75ms)
			RebuildTransferFunctionScriptingTraits (0ms)
			SetupTypeCache (275ms)
			ReleaseScriptCaches (0ms)
			RebuildScriptCaches (38ms)
			SetupLoadedEditorAssemblies (311ms)
				LogAssemblyErrors (0ms)
				InitializePlatformSupportModulesInManaged (5ms)
				SetLoadedEditorAssemblies (0ms)
				RefreshPlugins (0ms)
				BeforeProcessingInitializeOnLoad (79ms)
				ProcessInitializeOnLoadAttributes (211ms)
				ProcessInitializeOnLoadMethodAttributes (8ms)
				AfterProcessingInitializeOnLoad (7ms)
				EditorAssembliesLoaded (0ms)
			ExecutionOrderSort2 (0ms)
			AwakeInstancesAfterBackupRestoration (6ms)
Platform modules already initialized, skipping
========================================================================
Worker process is ready to serve import requests
Launched and connected shader compiler UnityShaderCompiler.exe after 0.15 seconds
Refreshing native plugins compatible for Editor in 0.30 ms, found 2 plugins.
Preloading 0 native plugins for Editor in 0.00 ms.
Unloading 1506 Unused Serialized files (Serialized files now loaded: 0)
System memory in use before: 67.6 MB.
System memory in use after: 67.6 MB.

Unloading 19 unused Assets to reduce memory usage. Loaded Objects now: 1938.
Total: 2.726100 ms (FindLiveObjects: 0.124400 ms CreateObjectMapping: 0.038200 ms MarkObjects: 2.511600 ms  DeleteObjects: 0.051000 ms)

AssetImportParameters requested are different than current active one (requested -> active):
  custom:framework-win-MediaFoundation: 216162199b28c13a410421893ffa2e32 -> 
  custom:video-decoder-ogg-theora: a1e56fd34408186e4bbccfd4996cb3dc -> 
  custom:container-muxer-webm: aa71ff27fc2769a1b78a27578f13a17b -> 
  custom:container-demuxer-webm: 4f35f7cbe854078d1ac9338744f61a02 -> 
  custom:container-demuxer-ogg: 62fdf1f143b41e24485cea50d1cbac27 -> 
  custom:video-encoder-webm-vp8: eb34c28f22e8b96e1ab97ce403110664 -> 
  custom:video-decoder-webm-vp8: 9c59270c3fd7afecdb556c50c9e8de78 -> 
  custom:audio-decoder-ogg-vorbis: bf7c407c2cedff20999df2af8eb42d56 -> 
  custom:audio-encoder-webm-vorbis: bf7c407c2cedff20999df2af8eb42d56 -> 
========================================================================
Received Import Request.
  path: Assets/Scenes
  artifactKey: Guid(5d8df9b02e76fe1488a5f5d651013e59) Importer(815301076,1909f56bfc062723c751e8b465ee728b)
Start importing Assets/Scenes using Guid(5d8df9b02e76fe1488a5f5d651013e59) Importer(815301076,1909f56bfc062723c751e8b465ee728b)  -> (artifact id: '1d729f35f43809458ad9165af079dc68') in 0.003408 seconds 
  Import took 0.005196 seconds .

========================================================================
Received Import Request.
  Time since last request: 0.000266 seconds.
  path: Assets/Scenes/RoomA.unity
  artifactKey: Guid(2cda990e2423bbf4892e6590ba056729) Importer(815301076,1909f56bfc062723c751e8b465ee728b)
Start importing Assets/Scenes/RoomA.unity using Guid(2cda990e2423bbf4892e6590ba056729) Importer(815301076,1909f56bfc062723c751e8b465ee728b)  -> (artifact id: '8367ec3c21004ec45d46b082be69e0a5') in 0.009305 seconds 
  Import took 0.011520 seconds .

========================================================================
Received Import Request.
  Time since last request: 43.358464 seconds.
  path: Assets/Scenes/RoomB.unity
  artifactKey: Guid(67bc01474b6dd544baf97b23987c0558) Importer(815301076,1909f56bfc062723c751e8b465ee728b)
Start importing Assets/Scenes/RoomB.unity using Guid(67bc01474b6dd544baf97b23987c0558) Importer(815301076,1909f56bfc062723c751e8b465ee728b)  -> (artifact id: '155fdfe8ef56d325c95e252b78d8f30a') in 0.002132 seconds 
  Import took 0.004603 seconds .

========================================================================
Received Prepare
Registering precompiled user dll's ...
Registered in 0.002287 seconds.
Begin MonoManager ReloadAssembly
Native extension for WindowsStandalone target not found
Native extension for WebGL target not found
Refreshing native plugins compatible for Editor in 0.29 ms, found 2 plugins.
Preloading 0 native plugins for Editor in 0.00 ms.
Mono: successfully reloaded assembly
- Completed reload, in  0.890 seconds
Domain Reload Profiling:
	ReloadAssembly (891ms)
		BeginReloadAssembly (99ms)
			ExecutionOrderSort (0ms)
			DisableScriptedObjects (4ms)
			BackupInstance (0ms)
			ReleaseScriptingObjects (0ms)
			CreateAndSetChildDomain (33ms)
		EndReloadAssembly (720ms)
			LoadAssemblies (72ms)
			RebuildTransferFunctionScriptingTraits (0ms)
			SetupTypeCache (263ms)
			ReleaseScriptCaches (1ms)
			RebuildScriptCaches (37ms)
			SetupLoadedEditorAssemblies (259ms)
				LogAssemblyErrors (0ms)
				InitializePlatformSupportModulesInManaged (5ms)
				SetLoadedEditorAssemblies (0ms)
				RefreshPlugins (0ms)
				BeforeProcessingInitializeOnLoad (64ms)
				ProcessInitializeOnLoadAttributes (175ms)
				ProcessInitializeOnLoadMethodAttributes (7ms)
				AfterProcessingInitializeOnLoad (7ms)
				EditorAssembliesLoaded (0ms)
			ExecutionOrderSort2 (0ms)
			AwakeInstancesAfterBackupRestoration (6ms)
Platform modules already initialized, skipping
Refreshing native plugins compatible for Editor in 0.28 ms, found 2 plugins.
Preloading 0 native plugins for Editor in 0.00 ms.
Unloading 1500 Unused Serialized files (Serialized files now loaded: 0)
System memory in use before: 67.5 MB.
System memory in use after: 67.6 MB.

Unloading 14 unused Assets to reduce memory usage. Loaded Objects now: 1940.
Total: 2.438000 ms (FindLiveObjects: 0.101100 ms CreateObjectMapping: 0.036300 ms MarkObjects: 2.288400 ms  DeleteObjects: 0.011400 ms)

AssetImportParameters requested are different than current active one (requested -> active):
  custom:framework-win-MediaFoundation: 216162199b28c13a410421893ffa2e32 -> 
  custom:video-decoder-ogg-theora: a1e56fd34408186e4bbccfd4996cb3dc -> 
  custom:container-muxer-webm: aa71ff27fc2769a1b78a27578f13a17b -> 
  custom:container-demuxer-webm: 4f35f7cbe854078d1ac9338744f61a02 -> 
  custom:container-demuxer-ogg: 62fdf1f143b41e24485cea50d1cbac27 -> 
  custom:video-encoder-webm-vp8: eb34c28f22e8b96e1ab97ce403110664 -> 
  custom:video-decoder-webm-vp8: 9c59270c3fd7afecdb556c50c9e8de78 -> 
  custom:audio-decoder-ogg-vorbis: bf7c407c2cedff20999df2af8eb42d56 -> 
  custom:audio-encoder-webm-vorbis: bf7c407c2cedff20999df2af8eb42d56 -> 
========================================================================
Received Import Request.
  Time since last request: 101.337674 seconds.
  path: Assets/Sprites/chickenbucket.png
  artifactKey: Guid(3785beb696933b84fa9290f188a0ba45) Importer(815301076,1909f56bfc062723c751e8b465ee728b)
Start importing Assets/Sprites/chickenbucket.png using Guid(3785beb696933b84fa9290f188a0ba45) Importer(815301076,1909f56bfc062723c751e8b465ee728b)  -> (artifact id: '2c9efad02efd55b2df488bcf522f9f96') in 0.479413 seconds 
  Import took 0.482499 seconds .

========================================================================
Received Import Request.
  Time since last request: 0.000257 seconds.
  path: Assets/Sprites/safe.png
  artifactKey: Guid(db3d8eee2489b754092cf5273ac32541) Importer(815301076,1909f56bfc062723c751e8b465ee728b)
Start importing Assets/Sprites/safe.png using Guid(db3d8eee2489b754092cf5273ac32541) Importer(815301076,1909f56bfc062723c751e8b465ee728b)  -> (artifact id: '767ca3eaab3d7255f7f96500b55e6e44') in 0.012908 seconds 
  Import took 0.015316 seconds .

========================================================================
Received Import Request.
  Time since last request: 0.000258 seconds.
  path: Assets/Sprites/Deteggtive-idle-sit.png
  artifactKey: Guid(bf4a53da0beeef34482cb35ab240286e) Importer(815301076,1909f56bfc062723c751e8b465ee728b)
Start importing Assets/Sprites/Deteggtive-idle-sit.png using Guid(bf4a53da0beeef34482cb35ab240286e) Importer(815301076,1909f56bfc062723c751e8b465ee728b)  -> (artifact id: '1473ddf49f8f0fd1d33f9303c8fbbb1a') in 0.012745 seconds 
  Import took 0.015147 seconds .

========================================================================
Received Import Request.
  Time since last request: 0.000306 seconds.
  path: Assets/Sprites/Deteggtive-normalsprite.png
  artifactKey: Guid(eee0dcd56055d8d42b06d83c49f85939) Importer(815301076,1909f56bfc062723c751e8b465ee728b)
Start importing Assets/Sprites/Deteggtive-normalsprite.png using Guid(eee0dcd56055d8d42b06d83c49f85939) Importer(815301076,1909f56bfc062723c751e8b465ee728b)  -> (artifact id: 'dab94a99665a454aa92d9fd42e9da57c') in 0.014166 seconds 
  Import took 0.016885 seconds .

========================================================================
Received Import Request.
  Time since last request: 0.000402 seconds.
  path: Assets/Sprites/Deteggtive-run.png
  artifactKey: Guid(24f300653d551ba4aa03c691067a5b3d) Importer(815301076,1909f56bfc062723c751e8b465ee728b)
Start importing Assets/Sprites/Deteggtive-run.png using Guid(24f300653d551ba4aa03c691067a5b3d) Importer(815301076,1909f56bfc062723c751e8b465ee728b)  -> (artifact id: 'e4b5e3f859359a8e32f62ad3d28fbfab') in 0.013865 seconds 
  Import took 0.016949 seconds .

========================================================================
Received Import Request.
  Time since last request: 2.230668 seconds.
  path: Assets/Tilemaps/Floor.prefab
  artifactKey: Guid(a899aedc5d780474db8aa8b8eddbf7cd) Importer(815301076,1909f56bfc062723c751e8b465ee728b)
Start importing Assets/Tilemaps/Floor.prefab using Guid(a899aedc5d780474db8aa8b8eddbf7cd) Importer(815301076,1909f56bfc062723c751e8b465ee728b)  -> (artifact id: '4822d3c4ddbce1ca0a10c00c8dd6c7c4') in 0.058988 seconds 
  Import took 0.061417 seconds .

========================================================================
Received Import Request.
  Time since last request: 0.000274 seconds.
  path: Assets/Tilemaps/wall-tilemap_2.asset
  artifactKey: Guid(f2916e19cfeed2a43a7d638502b21f87) Importer(815301076,1909f56bfc062723c751e8b465ee728b)
Start importing Assets/Tilemaps/wall-tilemap_2.asset using Guid(f2916e19cfeed2a43a7d638502b21f87) Importer(815301076,1909f56bfc062723c751e8b465ee728b)  -> (artifact id: 'eeba04b2dd06ae13ccfffed0223ceb3e') in 0.258968 seconds 
  Import took 0.260832 seconds .

========================================================================
Received Import Request.
  Time since last request: 0.000273 seconds.
  path: Assets/Tilemaps/wall-tilemap_7.asset
  artifactKey: Guid(dc7c7ac544c610c40bd15478d664ecc6) Importer(815301076,1909f56bfc062723c751e8b465ee728b)
Start importing Assets/Tilemaps/wall-tilemap_7.asset using Guid(dc7c7ac544c610c40bd15478d664ecc6) Importer(815301076,1909f56bfc062723c751e8b465ee728b)  -> (artifact id: '47cb51c33b4680b0acb78ba37bd369ea') in 0.006016 seconds 
  Import took 0.007930 seconds .

========================================================================
Received Import Request.
  Time since last request: 0.000447 seconds.
  path: Assets/Tilemaps/wall-tilemap_6.asset
  artifactKey: Guid(77439fc4dece9aa43822f8d26ee9b355) Importer(815301076,1909f56bfc062723c751e8b465ee728b)
Start importing Assets/Tilemaps/wall-tilemap_6.asset using Guid(77439fc4dece9aa43822f8d26ee9b355) Importer(815301076,1909f56bfc062723c751e8b465ee728b)  -> (artifact id: '432cd9ce6bbc39f0470fb8fab8f56dd6') in 0.009093 seconds 
  Import took 0.012029 seconds .

========================================================================
Received Import Request.
  Time since last request: 0.000386 seconds.
  path: Assets/Tilemaps/wall-tilemap_4.asset
  artifactKey: Guid(7b76f646cfa7b5b4785dee4f5bd4898f) Importer(815301076,1909f56bfc062723c751e8b465ee728b)
Start importing Assets/Tilemaps/wall-tilemap_4.asset using Guid(7b76f646cfa7b5b4785dee4f5bd4898f) Importer(815301076,1909f56bfc062723c751e8b465ee728b)  -> (artifact id: 'b9c438464ca1f793d22eecfca65e81b7') in 0.006291 seconds 
  Import took 0.009062 seconds .

========================================================================
Received Import Request.
  Time since last request: 0.000425 seconds.
  path: Assets/Tilemaps/wall-tilemap_3.asset
  artifactKey: Guid(eaec7597a2caf654880a91bba7bfd4a5) Importer(815301076,1909f56bfc062723c751e8b465ee728b)
Start importing Assets/Tilemaps/wall-tilemap_3.asset using Guid(eaec7597a2caf654880a91bba7bfd4a5) Importer(815301076,1909f56bfc062723c751e8b465ee728b)  -> (artifact id: 'f65fe8ebdfb45cc0857b11ef0d8fd1ce') in 0.010275 seconds 
  Import took 0.012825 seconds .

========================================================================
Received Import Request.
  Time since last request: 0.000315 seconds.
  path: Assets/Tilemaps/wall-tilemap_0.asset
  artifactKey: Guid(8949e2c59ba179b4a9f20cc11d2e1164) Importer(815301076,1909f56bfc062723c751e8b465ee728b)
Start importing Assets/Tilemaps/wall-tilemap_0.asset using Guid(8949e2c59ba179b4a9f20cc11d2e1164) Importer(815301076,1909f56bfc062723c751e8b465ee728b)  -> (artifact id: '69b50f66741524be3a14d2282a5176e3') in 0.008122 seconds 
  Import took 0.011671 seconds .

========================================================================
Received Import Request.
  Time since last request: 0.000378 seconds.
  path: Assets/Tilemaps/wall-tilemap.png
  artifactKey: Guid(31721e955f111274eb69265143a5e2f4) Importer(815301076,1909f56bfc062723c751e8b465ee728b)
Start importing Assets/Tilemaps/wall-tilemap.png using Guid(31721e955f111274eb69265143a5e2f4) Importer(815301076,1909f56bfc062723c751e8b465ee728b)  -> (artifact id: '94796f31efd5a2000271b07b59307904') in 0.035622 seconds 
  Import took 0.038310 seconds .

========================================================================
Received Import Request.
  Time since last request: 0.000314 seconds.
  path: Assets/Tilemaps/wall-tilemap_1.asset
  artifactKey: Guid(db27748f57350ea4aa242e37b493498f) Importer(815301076,1909f56bfc062723c751e8b465ee728b)
Start importing Assets/Tilemaps/wall-tilemap_1.asset using Guid(db27748f57350ea4aa242e37b493498f) Importer(815301076,1909f56bfc062723c751e8b465ee728b)  -> (artifact id: '53acbe050c14d02d4875f6b15f94b19d') in 0.004951 seconds 
  Import took 0.007358 seconds .

========================================================================
Received Import Request.
  Time since last request: 0.000358 seconds.
  path: Assets/Tilemaps/wall-tilemap_9.asset
  artifactKey: Guid(7df706f53248fe54093cdc11035bc5c4) Importer(815301076,1909f56bfc062723c751e8b465ee728b)
Start importing Assets/Tilemaps/wall-tilemap_9.asset using Guid(7df706f53248fe54093cdc11035bc5c4) Importer(815301076,1909f56bfc062723c751e8b465ee728b)  -> (artifact id: 'c90182136a3f7ac21434430b9036f544') in 0.007381 seconds 
  Import took 0.009717 seconds .

========================================================================
Received Import Request.
  Time since last request: 0.000292 seconds.
  path: Assets/Tilemaps/wall-tilemap_5.asset
  artifactKey: Guid(a1bd51892f7649747a37d32f4de64205) Importer(815301076,1909f56bfc062723c751e8b465ee728b)
Start importing Assets/Tilemaps/wall-tilemap_5.asset using Guid(a1bd51892f7649747a37d32f4de64205) Importer(815301076,1909f56bfc062723c751e8b465ee728b)  -> (artifact id: 'ebfce00b8ca0562dbdfe77693561faf4') in 0.006320 seconds 
  Import took 0.008478 seconds .

AssetImportWorkerClient::OnTransportError - code=2 error=End of file
